<?xml version="1.0" encoding="UTF-8"?>
<testsuite name="ohtuesimerkki.StatisticsTest" tests="4" skipped="0" failures="0" errors="0" timestamp="2020-10-27T14:22:25" hostname="lx9-fuxi124" time="0.005">
  <properties/>
  <testcase name="searchPlayerThatExists" classname="ohtuesimerkki.StatisticsTest" time="0.004"/>
  <testcase name="listingTeamMembersWorks" classname="ohtuesimerkki.StatisticsTest" time="0.0"/>
  <testcase name="topScoresGivesRightAmountOfScores" classname="ohtuesimerkki.StatisticsTest" time="0.001"/>
  <testcase name="searchPlayerThatNotExists" classname="ohtuesimerkki.StatisticsTest" time="0.0"/>
  <system-out><![CDATA[]]></system-out>
  <system-err><![CDATA[]]></system-err>
</testsuite>
