<?xml version="1.0" encoding="UTF-8"?>
<testsuite name="A new user account can be created if a proper unused username and password are given" tests="4" skipped="0" failures="0" errors="0" timestamp="2020-11-16T14:24:43" hostname="lx9-fuxi124" time="3.57">
  <properties/>
  <testcase name="creation is successful with valid username and password" classname="A new user account can be created if a proper unused username and password are given" time="1.418"/>
  <testcase name="creation fails with too short username and valid password" classname="A new user account can be created if a proper unused username and password are given" time="0.729"/>
  <testcase name="creation fails with correct username and too short password" classname="A new user account can be created if a proper unused username and password are given" time="0.697"/>
  <testcase name="creation fails when password and password confirmation do not match" classname="A new user account can be created if a proper unused username and password are given" time="0.725"/>
  <system-out><![CDATA[
Scenario: creation is successful with valid username and password                                                   ?[90m# src/test/resources/ohtu/create_user_account.feature:3?[0m
  ?[32mGiven ?[0m?[32mcommand new user is selected?[0m                                                                                ?[90m# ohtu.Stepdefs.commandNewUserIsSelected()?[0m
  ?[32mWhen ?[0m?[32ma valid username ?[0m?[32m?[1m"liisa"?[0m?[32m and password ?[0m?[32m?[1m"salainen1"?[0m?[32m and matching password ?[0m?[32m?[1m"salainen1"?[0m?[32m confirmation are entered?[0m ?[90m# ohtu.Stepdefs.correctUsernameAndPasswordAndConfirmationAreGiven(java.lang.String,java.lang.String,java.lang.String)?[0m
  ?[32mThen ?[0m?[32ma new user is created?[0m                                                                                        ?[90m# ohtu.Stepdefs.aNewUserIsCreated()?[0m

Scenario: creation fails with too short username and valid password                             ?[90m# src/test/resources/ohtu/create_user_account.feature:8?[0m
  ?[32mGiven ?[0m?[32mcommand new user is selected?[0m                                                            ?[90m# ohtu.Stepdefs.commandNewUserIsSelected()?[0m
  ?[32mWhen ?[0m?[32mgiven too short username ?[0m?[32m?[1m"a"?[0m?[32m and valid password ?[0m?[32m?[1m"salainen1"?[0m?[32m and confirmation ?[0m?[32m?[1m"salainen1"?[0m ?[90m# ohtu.Stepdefs.givenTooShortUsernameAndValidPasswordAndConfirmation(java.lang.String,java.lang.String,java.lang.String)?[0m
  ?[32mThen ?[0m?[32muser is not created and error ?[0m?[32m?[1m"username should have at least 3 characters"?[0m?[32m is reported?[0m   ?[90m# ohtu.Stepdefs.userIsNotCreatedAndErrorIsReported(java.lang.String)?[0m

Scenario: creation fails with correct username and too short password                         ?[90m# src/test/resources/ohtu/create_user_account.feature:13?[0m
  ?[32mGiven ?[0m?[32mcommand new user is selected?[0m                                                          ?[90m# ohtu.Stepdefs.commandNewUserIsSelected()?[0m
  ?[32mWhen ?[0m?[32mgiven correct username ?[0m?[32m?[1m"toimii"?[0m?[32m and too short password ?[0m?[32m?[1m"a1"?[0m?[32m and confirmation ?[0m?[32m?[1m"a1"?[0m      ?[90m# ohtu.Stepdefs.givenCorrectUsernameAndTooShortPasswordAndConfirmation(java.lang.String,java.lang.String,java.lang.String)?[0m
  ?[32mThen ?[0m?[32muser is not created and error ?[0m?[32m?[1m"password should have at least 8 characters"?[0m?[32m is reported?[0m ?[90m# ohtu.Stepdefs.userIsNotCreatedAndErrorIsReported(java.lang.String)?[0m

Scenario: creation fails when password and password confirmation do not match                      ?[90m# src/test/resources/ohtu/create_user_account.feature:18?[0m
  ?[32mGiven ?[0m?[32mcommand new user is selected?[0m                                                               ?[90m# ohtu.Stepdefs.commandNewUserIsSelected()?[0m
  ?[32mWhen ?[0m?[32mpassword ?[0m?[32m?[1m"erilainen1"?[0m?[32m and password ?[0m?[32m?[1m"erilainen2"?[0m?[32m confirmation do not match?[0m                   ?[90m# ohtu.Stepdefs.passwordAndPasswordConfirmationDoNotMatch(java.lang.String,java.lang.String)?[0m
  ?[32mThen ?[0m?[32muser is not created and error ?[0m?[32m?[1m"password and password confirmation do not match"?[0m?[32m is reported?[0m ?[90m# ohtu.Stepdefs.userIsNotCreatedAndErrorIsReported(java.lang.String)?[0m
]]></system-out>
  <system-err><![CDATA[Starting ChromeDriver 86.0.4240.75 (c69c33933bfc72a159aceb4aeca939eb0087416c-refs/branch-heads/4240@{#1149}) on port 30926
Only local connections are allowed.
Please see https://chromedriver.chromium.org/security-considerations for suggestions on keeping ChromeDriver safe.
ChromeDriver was started successfully.
Nov 16, 2020 4:24:44 PM org.openqa.selenium.remote.ProtocolHandshake createSession
INFO: Detected dialect: W3C
Starting ChromeDriver 86.0.4240.75 (c69c33933bfc72a159aceb4aeca939eb0087416c-refs/branch-heads/4240@{#1149}) on port 25757
Only local connections are allowed.
Please see https://chromedriver.chromium.org/security-considerations for suggestions on keeping ChromeDriver safe.
ChromeDriver was started successfully.
Nov 16, 2020 4:24:44 PM org.openqa.selenium.remote.ProtocolHandshake createSession
INFO: Detected dialect: W3C
Starting ChromeDriver 86.0.4240.75 (c69c33933bfc72a159aceb4aeca939eb0087416c-refs/branch-heads/4240@{#1149}) on port 19715
Only local connections are allowed.
Please see https://chromedriver.chromium.org/security-considerations for suggestions on keeping ChromeDriver safe.
ChromeDriver was started successfully.
Nov 16, 2020 4:24:45 PM org.openqa.selenium.remote.ProtocolHandshake createSession
INFO: Detected dialect: W3C
Starting ChromeDriver 86.0.4240.75 (c69c33933bfc72a159aceb4aeca939eb0087416c-refs/branch-heads/4240@{#1149}) on port 11774
Only local connections are allowed.
Please see https://chromedriver.chromium.org/security-considerations for suggestions on keeping ChromeDriver safe.
ChromeDriver was started successfully.
Nov 16, 2020 4:24:46 PM org.openqa.selenium.remote.ProtocolHandshake createSession
INFO: Detected dialect: W3C
]]></system-err>
</testsuite>
