<?xml version="1.0" encoding="UTF-8"?>
<testsuite name="As a registered user can log in with valid username/password-combination" tests="3" skipped="0" failures="0" errors="0" timestamp="2020-11-16T14:24:46" hostname="lx9-fuxi124" time="2.034">
  <properties/>
  <testcase name="user can login with correct password" classname="As a registered user can log in with valid username/password-combination" time="0.631"/>
  <testcase name="user can not login with incorrect password" classname="As a registered user can log in with valid username/password-combination" time="0.747"/>
  <testcase name="nonexistent user can not login to" classname="As a registered user can log in with valid username/password-combination" time="0.655"/>
  <system-out><![CDATA[
Scenario: user can login with correct password                 ?[90m# src/test/resources/ohtu/logging_in.feature:3?[0m
  ?[32mGiven ?[0m?[32mlogin is selected?[0m                                      ?[90m# ohtu.Stepdefs.loginIsSelected()?[0m
  ?[32mWhen ?[0m?[32mcorrect username ?[0m?[32m?[1m"jukka"?[0m?[32m and password ?[0m?[32m?[1m"akkuj"?[0m?[32m are given?[0m ?[90m# ohtu.Stepdefs.correctUsernameAndPasswordAreGiven(java.lang.String,java.lang.String)?[0m
  ?[32mThen ?[0m?[32muser is logged in?[0m                                       ?[90m# ohtu.Stepdefs.userIsLoggedIn()?[0m

Scenario: user can not login with incorrect password                     ?[90m# src/test/resources/ohtu/logging_in.feature:8?[0m
  ?[32mGiven ?[0m?[32mlogin is selected?[0m                                                ?[90m# ohtu.Stepdefs.loginIsSelected()?[0m
  ?[32mWhen ?[0m?[32mcorrect username ?[0m?[32m?[1m"jukka"?[0m?[32m and incorrect password ?[0m?[32m?[1m"wrong"?[0m?[32m are given?[0m ?[90m# ohtu.Stepdefs.correctUsernameAndIncorrectPasswordAreGiven(java.lang.String,java.lang.String)?[0m
  ?[32mThen ?[0m?[32muser is not logged in and error message is given?[0m                  ?[90m# ohtu.Stepdefs.userIsNotLoggedInAndErrorMessageIsGiven()?[0m

Scenario: nonexistent user can not login to                         ?[90m# src/test/resources/ohtu/logging_in.feature:13?[0m
  ?[32mGiven ?[0m?[32mlogin is selected?[0m                                           ?[90m# ohtu.Stepdefs.loginIsSelected()?[0m
  ?[32mWhen ?[0m?[32munknown username ?[0m?[32m?[1m"kukka"?[0m?[32m and password ?[0m?[32m?[1m"unknown123"?[0m?[32m are given?[0m ?[90m# ohtu.Stepdefs.unknownUsernameAndPasswordAreGiven(java.lang.String,java.lang.String)?[0m
  ?[32mThen ?[0m?[32muser is not logged in and error message is given?[0m             ?[90m# ohtu.Stepdefs.userIsNotLoggedInAndErrorMessageIsGiven()?[0m
]]></system-out>
  <system-err><![CDATA[Starting ChromeDriver 86.0.4240.75 (c69c33933bfc72a159aceb4aeca939eb0087416c-refs/branch-heads/4240@{#1149}) on port 32296
Only local connections are allowed.
Please see https://chromedriver.chromium.org/security-considerations for suggestions on keeping ChromeDriver safe.
ChromeDriver was started successfully.
Nov 16, 2020 4:24:47 PM org.openqa.selenium.remote.ProtocolHandshake createSession
INFO: Detected dialect: W3C
Starting ChromeDriver 86.0.4240.75 (c69c33933bfc72a159aceb4aeca939eb0087416c-refs/branch-heads/4240@{#1149}) on port 30114
Only local connections are allowed.
Please see https://chromedriver.chromium.org/security-considerations for suggestions on keeping ChromeDriver safe.
ChromeDriver was started successfully.
Nov 16, 2020 4:24:47 PM org.openqa.selenium.remote.ProtocolHandshake createSession
INFO: Detected dialect: W3C
Starting ChromeDriver 86.0.4240.75 (c69c33933bfc72a159aceb4aeca939eb0087416c-refs/branch-heads/4240@{#1149}) on port 11255
Only local connections are allowed.
Please see https://chromedriver.chromium.org/security-considerations for suggestions on keeping ChromeDriver safe.
ChromeDriver was started successfully.
Nov 16, 2020 4:24:48 PM org.openqa.selenium.remote.ProtocolHandshake createSession
INFO: Detected dialect: W3C
]]></system-err>
</testsuite>
