<?xml version="1.0" encoding="UTF-8"?>
<testsuite name="ohtu.verkkokauppa.KauppaTest" tests="8" skipped="0" failures="0" errors="0" timestamp="2020-11-21T17:35:55" hostname="lx9-fuxi124" time="0.622">
  <properties/>
  <testcase name="asioinninAloittaminenNollaaEdellisetOstokset" classname="ohtu.verkkokauppa.KauppaTest" time="0.6"/>
  <testcase name="pyydetaanUusiViiteJokaiseenMaksuun" classname="ohtu.verkkokauppa.KauppaTest" time="0.001"/>
  <testcase name="ostoksenPaaytyttyaPankinMetodiaTilisiirtoKutsutaanOikeillaParametreilla" classname="ohtu.verkkokauppa.KauppaTest" time="0.003"/>
  <testcase name="yhdenOnnistuneenToisenEpaonnistuneenOstoksenPaaytyttyaTilisiirtoaKutsutaanOikeillaParametreilla" classname="ohtu.verkkokauppa.KauppaTest" time="0.004"/>
  <testcase name="kahdenOnnistuneenOstoksenPaaytyttyaTilisiirtoaKutsutaanOikeillaParametreilla" classname="ohtu.verkkokauppa.KauppaTest" time="0.004"/>
  <testcase name="ostoksenPaaytyttyaPankinMetodiaTilisiirtoKutsutaan" classname="ohtu.verkkokauppa.KauppaTest" time="0.004"/>
  <testcase name="kahdenOnnistuneenSamanOstoksenPaaytyttyaTilisiirtoaKutsutaanOikeillaParametreilla" classname="ohtu.verkkokauppa.KauppaTest" time="0.003"/>
  <testcase name="poistaminenKoristaPalauttaaTuotetteenVarastoon" classname="ohtu.verkkokauppa.KauppaTest" time="0.002"/>
  <system-out><![CDATA[]]></system-out>
  <system-err><![CDATA[]]></system-err>
</testsuite>
